<?xml version="1.0" encoding="UTF-8"?>
<testng-results skipped="0" failed="0" total="1" passed="1">
  <reporter-output>
  </reporter-output>
  <suite name="Default suite" duration-ms="36266" started-at="2018-12-03T15:55:35Z" finished-at="2018-12-03T15:56:11Z">
    <groups>
    </groups>
    <test name="Default test" duration-ms="36266" started-at="2018-12-03T15:55:35Z" finished-at="2018-12-03T15:56:11Z">
      <class name="pom.LoginTC">
        <test-method status="PASS" signature="login()[pri:0, instance:pom.LoginTC@32d992b2]" name="login" duration-ms="36172" started-at="2018-12-03T21:25:35Z" finished-at="2018-12-03T21:26:11Z">
          <reporter-output>
          </reporter-output>
        </test-method> <!-- login -->
      </class> <!-- pom.LoginTC -->
    </test> <!-- Default test -->
  </suite> <!-- Default suite -->
</testng-results>
